
≡ƒö¼ Performance Profiling

Base URL: http://localhost:3000
Iterations: 10

Testing Homepage... (10 iterations)
Testing API: List Events... (10 iterations)
Testing API: Leaderboard... (10 iterations)
Testing API: Scoring Schema... (10 iterations)
Testing Event Page... (10 iterations)
Testing Stage Display... (10 iterations)

============================================================

≡ƒôê Performance Report


≡ƒôè Homepage
   Average:  575.55ms
   Min:      279.50ms
   Max:      1929.87ms
   P50:      359.62ms
   P95:      1929.87ms
   P99:      1929.87ms

≡ƒôè API: List Events
   Average:  132.47ms
   Min:      96.96ms
   Max:      162.99ms
   P50:      135.80ms
   P95:      162.99ms
   P99:      162.99ms

≡ƒôè API: Leaderboard
   Average:  695.43ms
   Min:      108.93ms
   Max:      5453.49ms
   P50:      168.73ms
   P95:      5453.49ms
   P99:      5453.49ms

≡ƒôè API: Scoring Schema
   Average:  190.88ms
   Min:      76.47ms
   Max:      739.66ms
   P50:      136.87ms
   P95:      739.66ms
   P99:      739.66ms

≡ƒôè Event Page
   Average:  170.80ms
   Min:      87.35ms
   Max:      567.42ms
   P50:      136.12ms
   P95:      567.42ms
   P99:      567.42ms

≡ƒôè Stage Display
   Average:  147.46ms
   Min:      80.58ms
   Max:      582.11ms
   P50:      93.40ms
   P95:      582.11ms
   P99:      582.11ms

============================================================

≡ƒÄ» Overall Average: 318.76ms

ΓÜá∩╕Å  Slow Endpoints (avg >500ms):
   - Homepage: 575.55ms
   - API: Leaderboard: 695.43ms

Γä╣∩╕Å  Run with --load-test to include load testing

